[INFO ] 2024-03-05 11:29:36.190 - Browser Opened.
[INFO ] 2024-03-05 11:29:39.374 - Navigated to: http://192.168.100.59/vspace/login Successfully.
[INFO ] 2024-03-05 11:29:39.409 - Script waited for :PT3S: implicit wait
[INFO ] 2024-03-05 11:29:39.616 - Value passed in [[ChromeDriver: chrome-headless-shell on windows (0e6e03d9f66e6972d59f5b65d5f0cfa2)] -> id: email_id] is [Ljava.lang.CharSequence;@101a461c
[INFO ] 2024-03-05 11:29:39.772 - Value passed in [[ChromeDriver: chrome-headless-shell on windows (0e6e03d9f66e6972d59f5b65d5f0cfa2)] -> id: password] is [Ljava.lang.CharSequence;@47768e74
[INFO ] 2024-03-05 11:29:40.639 - [[ChromeDriver: chrome-headless-shell on windows (0e6e03d9f66e6972d59f5b65d5f0cfa2)] -> xpath: //button[@type='submit']]: is clicked succesfully
[INFO ] 2024-03-05 11:29:40.720 - [[ChromeDriver: chrome-headless-shell on windows (0e6e03d9f66e6972d59f5b65d5f0cfa2)] -> xpath: //div[text()=' Login details are not valid!! ']]: is displayed successfully.
[INFO ] 2024-03-05 11:29:41.507 - TC003_chckInvldPasswd_LoginTest : is passed successfully.
[INFO ] 2024-03-05 11:29:41.663 - Browser Closed 
***********************************************************
[INFO ] 2024-03-05 11:29:43.254 - Browser Opened.
[INFO ] 2024-03-05 11:29:44.347 - Navigated to: http://192.168.100.59/vspace/login Successfully.
[INFO ] 2024-03-05 11:29:44.372 - Script waited for :PT3S: implicit wait
[INFO ] 2024-03-05 11:29:44.549 - Value passed in [[ChromeDriver: chrome-headless-shell on windows (39e5e65f05e3dd178d66c0c3d02e57f4)] -> id: email_id] is [Ljava.lang.CharSequence;@30f28b5
[INFO ] 2024-03-05 11:29:44.698 - Value passed in [[ChromeDriver: chrome-headless-shell on windows (39e5e65f05e3dd178d66c0c3d02e57f4)] -> id: password] is [Ljava.lang.CharSequence;@5c3d4f05
[INFO ] 2024-03-05 11:29:46.557 - [[ChromeDriver: chrome-headless-shell on windows (39e5e65f05e3dd178d66c0c3d02e57f4)] -> xpath: //button[@type='submit']]: is clicked succesfully
[INFO ] 2024-03-05 11:29:46.626 - [[ChromeDriver: chrome-headless-shell on windows (39e5e65f05e3dd178d66c0c3d02e57f4)] -> class name: directryBtn]: is displayed successfully.
[INFO ] 2024-03-05 11:29:46.785 - TC001_chckvldcredential_LoginTest : is passed successfully.
[INFO ] 2024-03-05 11:29:46.924 - Browser Closed 
***********************************************************
[INFO ] 2024-03-05 11:29:48.477 - Browser Opened.
[INFO ] 2024-03-05 11:29:49.323 - Navigated to: http://192.168.100.59/vspace/login Successfully.
[INFO ] 2024-03-05 11:29:49.346 - Script waited for :PT3S: implicit wait
[INFO ] 2024-03-05 11:29:49.526 - Value passed in [[ChromeDriver: chrome-headless-shell on windows (a0216a19d03b2d8903be488c4471360f)] -> id: email_id] is [Ljava.lang.CharSequence;@61b60600
[INFO ] 2024-03-05 11:29:49.672 - Value passed in [[ChromeDriver: chrome-headless-shell on windows (a0216a19d03b2d8903be488c4471360f)] -> id: password] is [Ljava.lang.CharSequence;@3711c71c
[INFO ] 2024-03-05 11:29:50.469 - [[ChromeDriver: chrome-headless-shell on windows (a0216a19d03b2d8903be488c4471360f)] -> xpath: //button[@type='submit']]: is clicked succesfully
[INFO ] 2024-03-05 11:29:50.535 - [[ChromeDriver: chrome-headless-shell on windows (a0216a19d03b2d8903be488c4471360f)] -> xpath: //div[text()=' Login details are not valid!! ']]: is displayed successfully.
[INFO ] 2024-03-05 11:29:50.606 - TC002_chckInvldEmail_LoginTest : is passed successfully.
[INFO ] 2024-03-05 11:29:50.721 - Browser Closed 
***********************************************************
[INFO ] 2024-03-05 11:29:52.365 - Browser Opened.
[INFO ] 2024-03-05 11:29:53.399 - Navigated to: http://192.168.100.59/vspace/login Successfully.
[INFO ] 2024-03-05 11:29:53.417 - Script waited for :PT3S: implicit wait
[INFO ] 2024-03-05 11:29:53.592 - Value passed in [[ChromeDriver: chrome-headless-shell on windows (c9c5548fc66f00ee095193a24e194058)] -> id: email_id] is [Ljava.lang.CharSequence;@5c82031b
[INFO ] 2024-03-05 11:29:53.736 - Value passed in [[ChromeDriver: chrome-headless-shell on windows (c9c5548fc66f00ee095193a24e194058)] -> id: password] is [Ljava.lang.CharSequence;@3e38c472
[INFO ] 2024-03-05 11:29:53.819 - [[ChromeDriver: chrome-headless-shell on windows (c9c5548fc66f00ee095193a24e194058)] -> xpath: //button[@type='submit']]: is clicked succesfully
[INFO ] 2024-03-05 11:29:53.887 - [[ChromeDriver: chrome-headless-shell on windows (c9c5548fc66f00ee095193a24e194058)] -> id: email_id]: is displayed successfully.
[INFO ] 2024-03-05 11:29:53.989 - TC005_chckblankpassword_LoginTest : is passed successfully.
[INFO ] 2024-03-05 11:29:54.124 - Browser Closed 
***********************************************************
[INFO ] 2024-03-05 11:29:55.724 - Browser Opened.
[INFO ] 2024-03-05 11:29:56.337 - Navigated to: http://192.168.100.59/vspace/login Successfully.
[INFO ] 2024-03-05 11:29:56.356 - Script waited for :PT3S: implicit wait
[INFO ] 2024-03-05 11:29:56.513 - Value passed in [[ChromeDriver: chrome-headless-shell on windows (e4920a2ebc599cc25f2c23d5d488add7)] -> id: email_id] is [Ljava.lang.CharSequence;@7fc7152e
[INFO ] 2024-03-05 11:29:56.653 - Value passed in [[ChromeDriver: chrome-headless-shell on windows (e4920a2ebc599cc25f2c23d5d488add7)] -> id: password] is [Ljava.lang.CharSequence;@766b6d02
[INFO ] 2024-03-05 11:29:56.733 - [[ChromeDriver: chrome-headless-shell on windows (e4920a2ebc599cc25f2c23d5d488add7)] -> xpath: //button[@type='submit']]: is clicked succesfully
[INFO ] 2024-03-05 11:29:56.797 - [[ChromeDriver: chrome-headless-shell on windows (e4920a2ebc599cc25f2c23d5d488add7)] -> id: email_id]: is displayed successfully.
[INFO ] 2024-03-05 11:29:56.899 - TC006_chckblankemailPassws_LoginTest : is passed successfully.
[INFO ] 2024-03-05 11:29:57.038 - Browser Closed 
***********************************************************
[INFO ] 2024-03-05 11:29:58.716 - Browser Opened.
[INFO ] 2024-03-05 11:29:59.651 - Navigated to: http://192.168.100.59/vspace/login Successfully.
[INFO ] 2024-03-05 11:29:59.672 - Script waited for :PT3S: implicit wait
[INFO ] 2024-03-05 11:29:59.830 - Value passed in [[ChromeDriver: chrome-headless-shell on windows (bacf959bd648c033c0e7247113455f5d)] -> id: email_id] is [Ljava.lang.CharSequence;@d16209e
[INFO ] 2024-03-05 11:29:59.971 - Value passed in [[ChromeDriver: chrome-headless-shell on windows (bacf959bd648c033c0e7247113455f5d)] -> id: password] is [Ljava.lang.CharSequence;@76af51d6
[INFO ] 2024-03-05 11:30:00.054 - [[ChromeDriver: chrome-headless-shell on windows (bacf959bd648c033c0e7247113455f5d)] -> xpath: //button[@type='submit']]: is clicked succesfully
[INFO ] 2024-03-05 11:30:00.117 - [[ChromeDriver: chrome-headless-shell on windows (bacf959bd648c033c0e7247113455f5d)] -> id: email_id]: is displayed successfully.
[INFO ] 2024-03-05 11:30:00.181 - TC004_chckblankemail_LoginTest : is passed successfully.
[INFO ] 2024-03-05 11:30:00.306 - Browser Closed 
***********************************************************
[INFO ] 2024-03-05 11:30:02.001 - Browser Opened.
[INFO ] 2024-03-05 11:30:02.959 - Navigated to: http://192.168.100.59/vspace/login Successfully.
[INFO ] 2024-03-05 11:30:02.978 - Script waited for :PT3S: implicit wait
[INFO ] 2024-03-05 11:30:03.145 - Value passed in [[ChromeDriver: chrome-headless-shell on windows (f4c20eb90e2d7d47ae4161fcff39c8c4)] -> id: email_id] is [Ljava.lang.CharSequence;@485deee1
[INFO ] 2024-03-05 11:30:03.286 - Value passed in [[ChromeDriver: chrome-headless-shell on windows (f4c20eb90e2d7d47ae4161fcff39c8c4)] -> id: password] is [Ljava.lang.CharSequence;@782cc5fa
[INFO ] 2024-03-05 11:30:05.418 - [[ChromeDriver: chrome-headless-shell on windows (f4c20eb90e2d7d47ae4161fcff39c8c4)] -> xpath: //button[@type='submit']]: is clicked succesfully
[INFO ] 2024-03-05 11:30:05.486 - [[ChromeDriver: chrome-headless-shell on windows (f4c20eb90e2d7d47ae4161fcff39c8c4)] -> class name: directryBtn]: is displayed successfully.
[INFO ] 2024-03-05 11:30:06.413 - [[ChromeDriver: chrome-headless-shell on windows (f4c20eb90e2d7d47ae4161fcff39c8c4)] -> class name: directryBtn]: is clicked succesfully
[INFO ] 2024-03-05 11:30:07.271 - [[ChromeDriver: chrome-headless-shell on windows (f4c20eb90e2d7d47ae4161fcff39c8c4)] -> xpath: //div[@class='col-sm-4 col-md-3']//li[3]]: is clicked succesfully
[INFO ] 2024-03-05 11:30:07.336 - TC007_opportunityBtn_clcksuccess : is passed successfully.
[INFO ] 2024-03-05 11:30:07.483 - Browser Closed 
***********************************************************
[INFO ] 2024-03-05 11:30:09.367 - Browser Opened.
[INFO ] 2024-03-05 11:30:10.217 - Navigated to: http://192.168.100.59/vspace/login Successfully.
[INFO ] 2024-03-05 11:30:10.235 - Script waited for :PT3S: implicit wait
[INFO ] 2024-03-05 11:30:10.415 - Value passed in [[ChromeDriver: chrome-headless-shell on windows (4d7560a89bdef5a6540f67b3b86d75bb)] -> id: email_id] is [Ljava.lang.CharSequence;@150f41b9
[INFO ] 2024-03-05 11:30:10.562 - Value passed in [[ChromeDriver: chrome-headless-shell on windows (4d7560a89bdef5a6540f67b3b86d75bb)] -> id: password] is [Ljava.lang.CharSequence;@6b9a1205
[INFO ] 2024-03-05 11:30:11.952 - [[ChromeDriver: chrome-headless-shell on windows (4d7560a89bdef5a6540f67b3b86d75bb)] -> xpath: //button[@type='submit']]: is clicked succesfully
[INFO ] 2024-03-05 11:30:12.017 - [[ChromeDriver: chrome-headless-shell on windows (4d7560a89bdef5a6540f67b3b86d75bb)] -> class name: directryBtn]: is displayed successfully.
[INFO ] 2024-03-05 11:30:12.964 - [[ChromeDriver: chrome-headless-shell on windows (4d7560a89bdef5a6540f67b3b86d75bb)] -> class name: directryBtn]: is clicked succesfully
[INFO ] 2024-03-05 11:30:13.574 - [[ChromeDriver: chrome-headless-shell on windows (4d7560a89bdef5a6540f67b3b86d75bb)] -> xpath: //div[@class='col-sm-4 col-md-3']//li[3]]: is clicked succesfully
[INFO ] 2024-03-05 11:30:13.894 - TC008_oppListcountChck : is passed successfully.
[INFO ] 2024-03-05 11:30:14.027 - Browser Closed 
***********************************************************
